<?xml version="1.0" encoding="utf-8"?><testsuites name="pytest tests"><testsuite name="pytest" errors="0" failures="0" skipped="0" tests="18" time="5.202" timestamp="2026-01-15T19:24:18.368796+00:00" hostname="agent-env-e30b8418-a1f6-44a4-aa2f-b1965b481cde"><testcase classname="tests.test_backend_iteration3.TestHealthAndBasics" name="test_health_endpoint" time="0.074" /><testcase classname="tests.test_backend_iteration3.TestHealthAndBasics" name="test_root_endpoint" time="0.035" /><testcase classname="tests.test_backend_iteration3.TestSuperAdminAuth" name="test_super_admin_login_success" time="0.265" /><testcase classname="tests.test_backend_iteration3.TestSuperAdminAuth" name="test_super_admin_login_wrong_password" time="0.300" /><testcase classname="tests.test_backend_iteration3.TestSuperAdminAuth" name="test_get_current_user" time="0.339" /><testcase classname="tests.test_backend_iteration3.TestChangePassword" name="test_change_password_wrong_current" time="0.518" /><testcase classname="tests.test_backend_iteration3.TestChangePassword" name="test_change_password_short_new" time="0.518" /><testcase classname="tests.test_backend_iteration3.TestChangePassword" name="test_change_password_success_and_revert" time="1.533" /><testcase classname="tests.test_backend_iteration3.TestChangePassword" name="test_change_password_unauthenticated" time="0.034" /><testcase classname="tests.test_backend_iteration3.TestDocumentUploadAPI" name="test_document_upload_endpoint_exists" time="0.035" /><testcase classname="tests.test_backend_iteration3.TestDocumentUploadAPI" name="test_document_list_endpoint_exists" time="0.032" /><testcase classname="tests.test_backend_iteration3.TestUniversityManagement" name="test_list_universities" time="0.295" /><testcase classname="tests.test_backend_iteration3.TestUniversityManagement" name="test_create_and_update_university" time="0.372" /><testcase classname="tests.test_backend_iteration3.TestSuperAdminDashboard" name="test_dashboard_stats" time="0.292" /><testcase classname="tests.test_backend_iteration3.TestSuperAdminDashboard" name="test_analytics_endpoint" time="0.300" /><testcase classname="tests.test_backend_iteration3.TestTestModule" name="test_questions_endpoint_exists" time="0.035" /><testcase classname="tests.test_backend_iteration3.TestTestModule" name="test_test_configs_endpoint_exists" time="0.032" /><testcase classname="tests.test_backend_iteration3.TestPublicEndpoints" name="test_public_universities_list" time="0.060" /></testsuite></testsuites>