<?xml version="1.0" encoding="utf-8"?><testsuites name="pytest tests"><testsuite name="pytest" errors="0" failures="0" skipped="0" tests="10" time="2.915" timestamp="2026-01-29T18:54:53.176887+00:00" hostname="agent-env-dd45eb6d-1e2d-4707-82d7-a27d19c5eec6"><testcase classname="backend.tests.test_query_system.TestAuthAndSetup" name="test_super_admin_login" time="0.296" /><testcase classname="backend.tests.test_query_system.TestAuthAndSetup" name="test_counselling_manager_login" time="0.279" /><testcase classname="backend.tests.test_query_system.TestCounsellingDashboard" name="test_counselling_dashboard_loads" time="0.285" /><testcase classname="backend.tests.test_query_system.TestLeadsPage" name="test_leads_list_loads" time="0.282" /><testcase classname="backend.tests.test_query_system.TestLeadsPage" name="test_leads_list_with_search" time="0.346" /><testcase classname="backend.tests.test_query_system.TestQueryStatsEndpoint" name="test_query_stats_summary" time="0.319" /><testcase classname="backend.tests.test_query_system.TestCounsellorQueries" name="test_counsellor_queries_list" time="0.324" /><testcase classname="backend.tests.test_query_system.TestCounsellorQueries" name="test_counsellor_queries_with_status_filter" time="0.347" /><testcase classname="backend.tests.test_query_system.TestAllQueriesEndpoint" name="test_all_queries_list" time="0.371" /><testcase classname="backend.tests.test_query_system.TestQueryCRUDFlow" name="test_query_crud_flow_info" time="0.000" /></testsuite></testsuites>