<?xml version="1.0" encoding="utf-8"?><testsuites name="pytest tests"><testsuite name="pytest" errors="0" failures="0" skipped="0" tests="27" time="2.573" timestamp="2026-01-15T19:52:43.662624+00:00" hostname="agent-env-e30b8418-a1f6-44a4-aa2f-b1965b481cde"><testcase classname="tests.test_university_admin_iteration4.TestUniversityAdminLogin" name="test_login_success" time="0.318" /><testcase classname="tests.test_university_admin_iteration4.TestUniversityAdminLogin" name="test_login_wrong_password" time="0.261" /><testcase classname="tests.test_university_admin_iteration4.TestUniversityAdminLogin" name="test_login_wrong_person_id" time="0.040" /><testcase classname="tests.test_university_admin_iteration4.TestUniversityDashboard" name="test_dashboard_stats" time="0.303" /><testcase classname="tests.test_university_admin_iteration4.TestDepartmentsCRUD" name="test_list_departments" time="0.033" /><testcase classname="tests.test_university_admin_iteration4.TestDepartmentsCRUD" name="test_create_department" time="0.077" /><testcase classname="tests.test_university_admin_iteration4.TestDepartmentsCRUD" name="test_update_department" time="0.072" /><testcase classname="tests.test_university_admin_iteration4.TestCoursesCRUD" name="test_list_courses" time="0.036" /><testcase classname="tests.test_university_admin_iteration4.TestCoursesCRUD" name="test_create_course" time="0.084" /><testcase classname="tests.test_university_admin_iteration4.TestCoursesCRUD" name="test_update_course" time="0.114" /><testcase classname="tests.test_university_admin_iteration4.TestSessionsCRUD" name="test_list_sessions" time="0.035" /><testcase classname="tests.test_university_admin_iteration4.TestSessionsCRUD" name="test_create_session" time="0.034" /><testcase classname="tests.test_university_admin_iteration4.TestStaffManagement" name="test_list_staff" time="0.036" /><testcase classname="tests.test_university_admin_iteration4.TestStaffManagement" name="test_create_counsellor" time="0.259" /><testcase classname="tests.test_university_admin_iteration4.TestStaffManagement" name="test_create_counselling_manager" time="0.256" /><testcase classname="tests.test_university_admin_iteration4.TestStaffManagement" name="test_create_invalid_role_fails" time="0.037" /><testcase classname="tests.test_university_admin_iteration4.TestQuestionBank" name="test_list_questions" time="0.039" /><testcase classname="tests.test_university_admin_iteration4.TestQuestionBank" name="test_create_single_choice_question" time="0.036" /><testcase classname="tests.test_university_admin_iteration4.TestQuestionBank" name="test_create_multiple_choice_question" time="0.034" /><testcase classname="tests.test_university_admin_iteration4.TestUniversityConfig" name="test_get_config" time="0.037" /><testcase classname="tests.test_university_admin_iteration4.TestUniversityConfig" name="test_update_registration_config" time="0.038" /><testcase classname="tests.test_university_admin_iteration4.TestAPIAuthentication" name="test_dashboard_requires_auth" time="0.079" /><testcase classname="tests.test_university_admin_iteration4.TestAPIAuthentication" name="test_departments_requires_auth" time="0.032" /><testcase classname="tests.test_university_admin_iteration4.TestAPIAuthentication" name="test_courses_requires_auth" time="0.037" /><testcase classname="tests.test_university_admin_iteration4.TestAPIAuthentication" name="test_sessions_requires_auth" time="0.038" /><testcase classname="tests.test_university_admin_iteration4.TestAPIAuthentication" name="test_staff_requires_auth" time="0.033" /><testcase classname="tests.test_university_admin_iteration4.TestAPIAuthentication" name="test_questions_requires_auth" time="0.037" /></testsuite></testsuites>