<?xml version="1.0" encoding="utf-8"?><testsuites name="pytest tests"><testsuite name="pytest" errors="0" failures="0" skipped="1" tests="17" time="4.592" timestamp="2026-01-15T20:19:11.731583+00:00" hostname="agent-env-e30b8418-a1f6-44a4-aa2f-b1965b481cde"><testcase classname="tests.test_iteration5_new_features.TestUniversityProfile" name="test_get_university_config" time="0.291" /><testcase classname="tests.test_iteration5_new_features.TestUniversityProfile" name="test_update_university_profile_about" time="0.011" /><testcase classname="tests.test_iteration5_new_features.TestUniversityProfile" name="test_update_university_profile_facilities" time="0.012" /><testcase classname="tests.test_iteration5_new_features.TestUniversityProfile" name="test_update_university_profile_contact" time="0.015" /><testcase classname="tests.test_iteration5_new_features.TestUniversityProfile" name="test_verify_profile_updates_persisted" time="0.010" /><testcase classname="tests.test_iteration5_new_features.TestGalleryUpload" name="test_gallery_upload_image" time="0.265" /><testcase classname="tests.test_iteration5_new_features.TestGalleryUpload" name="test_gallery_upload_invalid_type" time="0.048" /><testcase classname="tests.test_iteration5_new_features.TestCounsellingManagerDashboard" name="test_cm_dashboard_endpoint" time="0.842" /><testcase classname="tests.test_iteration5_new_features.TestBulkLeadUpload" name="test_bulk_upload_leads" time="0.783" /><testcase classname="tests.test_iteration5_new_features.TestBulkLeadUpload" name="test_bulk_upload_with_missing_fields" time="0.049" /><testcase classname="tests.test_iteration5_new_features.TestAssignmentRules" name="test_update_assignment_rules_round_robin" time="0.767" /><testcase classname="tests.test_iteration5_new_features.TestAssignmentRules" name="test_update_assignment_rules_load_balanced" time="0.007" /><testcase classname="tests.test_iteration5_new_features.TestAssignmentRules" name="test_update_assignment_rules_performance_based" time="0.048" /><testcase classname="tests.test_iteration5_new_features.TestAssignmentRules" name="test_disable_assignment_rules" time="0.007" /><testcase classname="tests.test_iteration5_new_features.TestCounsellorDashboard" name="test_counsellor_dashboard_endpoint" time="0.786" /><testcase classname="tests.test_iteration5_new_features.TestStudentUniversityInfo" name="test_student_university_info_endpoint" time="0.318"><skipped type="pytest.skip" message="Student authentication failed - may need valid university code">/app/tests/test_iteration5_new_features.py:478: Student authentication failed - may need valid university code</skipped></testcase><testcase classname="tests.test_iteration5_new_features.TestUniversityAdminCanAccessCMFeatures" name="test_admin_can_update_assignment_rules" time="0.270" /></testsuite></testsuites>